c:\users\daniel\documents\visual studio 2013\projects\blazeengine\blazeengine\debug\vc120.pdb
c:\users\daniel\documents\visual studio 2013\projects\blazeengine\blazeengine\debug\vc120.idb
c:\users\daniel\documents\visual studio 2013\projects\blazeengine\blazeengine\debug\basetest.obj
c:\users\daniel\documents\visual studio 2013\projects\blazeengine\blazeengine\debug\blazeengine.obj
c:\users\daniel\documents\visual studio 2013\projects\blazeengine\blazeengine\debug\comp1.obj
c:\users\daniel\documents\visual studio 2013\projects\blazeengine\blazeengine\debug\comp2.obj
c:\users\daniel\documents\visual studio 2013\projects\blazeengine\blazeengine\debug\component.obj
c:\users\daniel\documents\visual studio 2013\projects\blazeengine\blazeengine\debug\gameobject.obj
c:\users\daniel\documents\visual studio 2013\projects\blazeengine\blazeengine\debug\scene.obj
c:\users\daniel\documents\visual studio 2013\projects\blazeengine\blazeengine\debug\main.obj
c:\users\daniel\documents\visual studio 2013\projects\blazeengine\blazeengine\debug\testcomp.obj
c:\users\daniel\documents\visual studio 2013\projects\blazeengine\debug\blazeengine.ilk
c:\users\daniel\documents\visual studio 2013\projects\blazeengine\debug\blazeengine.exe
c:\users\daniel\documents\visual studio 2013\projects\blazeengine\debug\blazeengine.pdb
c:\users\daniel\documents\visual studio 2013\projects\blazeengine\blazeengine\debug\blazeengine.tlog\cl.command.1.tlog
c:\users\daniel\documents\visual studio 2013\projects\blazeengine\blazeengine\debug\blazeengine.tlog\cl.read.1.tlog
c:\users\daniel\documents\visual studio 2013\projects\blazeengine\blazeengine\debug\blazeengine.tlog\cl.write.1.tlog
c:\users\daniel\documents\visual studio 2013\projects\blazeengine\blazeengine\debug\blazeengine.tlog\link.command.1.tlog
c:\users\daniel\documents\visual studio 2013\projects\blazeengine\blazeengine\debug\blazeengine.tlog\link.read.1.tlog
c:\users\daniel\documents\visual studio 2013\projects\blazeengine\blazeengine\debug\blazeengine.tlog\link.write.1.tlog
